02, 20, 2017 (09:25:11): Opening rpy file C:\Program Files\Telelogic\Rhapsody 7.4\Share/Properties\PredefinedTypes.sbs
02, 20, 2017 (09:25:11): 
 Started loading C:\Program Files\Telelogic\Rhapsody 7.4\Share/Properties\PredefinedTypes.sbs on Monday, February 20, 2017 (09:25:11).-

02, 20, 2017 (09:25:11): 

Starting inUnit resolution phase


02, 20, 2017 (09:25:11): 

Finished inUnit resolution phase


02, 20, 2017 (09:25:11): 
 Finished loading C:\Program Files\Telelogic\Rhapsody 7.4\Share/Properties\PredefinedTypes.sbs on Monday, February 20, 2017 (09:25:11).-

02, 20, 2017 (09:25:11): Opening rpy file C:\Program Files\Telelogic\Rhapsody 7.4\Share/Properties\PredefinedTypesC++.sbs
02, 20, 2017 (09:25:11): 
 Started loading C:\Program Files\Telelogic\Rhapsody 7.4\Share/Properties\PredefinedTypesC++.sbs on Monday, February 20, 2017 (09:25:11).-

02, 20, 2017 (09:25:11): 

Starting inUnit resolution phase


02, 20, 2017 (09:25:11): 

Finished inUnit resolution phase


02, 20, 2017 (09:25:11): 
 Finished loading C:\Program Files\Telelogic\Rhapsody 7.4\Share/Properties\PredefinedTypesC++.sbs on Monday, February 20, 2017 (09:25:11).-

02, 20, 2017 (09:25:11): Opening rpy file C:\Documents and Settings\User\Desktop\MDD6\Opdracht 1\HelloWorld.rpy
02, 20, 2017 (09:25:11): 
 Started loading C:\Documents and Settings\User\Desktop\MDD6\Opdracht 1\HelloWorld.rpy on Monday, February 20, 2017 (09:25:11).-

02, 20, 2017 (09:25:11): Opening rpy file Analyse.sbs
02, 20, 2017 (09:25:11): 
 Started loading Analyse.sbs on Monday, February 20, 2017 (09:25:11).-

02, 20, 2017 (09:25:11): 
 Finished loading Analyse.sbs on Monday, February 20, 2017 (09:25:11).-

02, 20, 2017 (09:25:11): Opening rpy file C:\Documents and Settings\User\Desktop\MDD6\Opdracht 1\HelloWorld_rpy\Analyse.sbs
02, 20, 2017 (09:25:11): 
 Started loading C:\Documents and Settings\User\Desktop\MDD6\Opdracht 1\HelloWorld_rpy\Analyse.sbs on Monday, February 20, 2017 (09:25:11).-

02, 20, 2017 (09:25:11): 

Starting inUnit resolution phase


02, 20, 2017 (09:25:11): 

Finished inUnit resolution phase


02, 20, 2017 (09:25:11): 
 Finished loading C:\Documents and Settings\User\Desktop\MDD6\Opdracht 1\HelloWorld_rpy\Analyse.sbs on Monday, February 20, 2017 (09:25:11).-

02, 20, 2017 (09:25:11): Opening rpy file Design.sbs
02, 20, 2017 (09:25:11): 
 Started loading Design.sbs on Monday, February 20, 2017 (09:25:11).-

02, 20, 2017 (09:25:11): 
 Finished loading Design.sbs on Monday, February 20, 2017 (09:25:11).-

02, 20, 2017 (09:25:11): Opening rpy file C:\Documents and Settings\User\Desktop\MDD6\Opdracht 1\HelloWorld_rpy\Design.sbs
02, 20, 2017 (09:25:11): 
 Started loading C:\Documents and Settings\User\Desktop\MDD6\Opdracht 1\HelloWorld_rpy\Design.sbs on Monday, February 20, 2017 (09:25:11).-

02, 20, 2017 (09:25:11): 

Starting inUnit resolution phase


02, 20, 2017 (09:25:11): 

Finished inUnit resolution phase


02, 20, 2017 (09:25:11): 
 Finished loading C:\Documents and Settings\User\Desktop\MDD6\Opdracht 1\HelloWorld_rpy\Design.sbs on Monday, February 20, 2017 (09:25:11).-

02, 20, 2017 (09:25:11): Opening rpy file Test.sbs
02, 20, 2017 (09:25:11): 
 Started loading Test.sbs on Monday, February 20, 2017 (09:25:11).-

02, 20, 2017 (09:25:11): 
 Finished loading Test.sbs on Monday, February 20, 2017 (09:25:11).-

02, 20, 2017 (09:25:11): Opening rpy file C:\Documents and Settings\User\Desktop\MDD6\Opdracht 1\HelloWorld_rpy\Test.sbs
02, 20, 2017 (09:25:11): 
 Started loading C:\Documents and Settings\User\Desktop\MDD6\Opdracht 1\HelloWorld_rpy\Test.sbs on Monday, February 20, 2017 (09:25:11).-

02, 20, 2017 (09:25:11): 

Starting inUnit resolution phase


02, 20, 2017 (09:25:11): 

Finished inUnit resolution phase


02, 20, 2017 (09:25:11): 
 Finished loading C:\Documents and Settings\User\Desktop\MDD6\Opdracht 1\HelloWorld_rpy\Test.sbs on Monday, February 20, 2017 (09:25:11).-

02, 20, 2017 (09:25:11): Opening rpy file SysML.sbs
02, 20, 2017 (09:25:11): 
 Started loading SysML.sbs on Monday, February 20, 2017 (09:25:11).-

02, 20, 2017 (09:25:11): 
 Finished loading SysML.sbs on Monday, February 20, 2017 (09:25:11).-

02, 20, 2017 (09:25:11): Opening rpy file C:\Program Files\Telelogic\Rhapsody 7.4\Share\Profiles\SysML\SysMLProfile_rpy\SysML.sbs
02, 20, 2017 (09:25:11): 
 Started loading C:\Program Files\Telelogic\Rhapsody 7.4\Share\Profiles\SysML\SysMLProfile_rpy\SysML.sbs on Monday, February 20, 2017 (09:25:11).-

02, 20, 2017 (09:25:11): 

Starting inUnit resolution phase


02, 20, 2017 (09:25:11): 

Finished inUnit resolution phase


02, 20, 2017 (09:25:11): 
 Finished loading C:\Program Files\Telelogic\Rhapsody 7.4\Share\Profiles\SysML\SysMLProfile_rpy\SysML.sbs on Monday, February 20, 2017 (09:25:11).-

02, 20, 2017 (09:25:11): Opening rpy file CGCompatibilityPre73Cpp.sbs
02, 20, 2017 (09:25:11): 
 Started loading CGCompatibilityPre73Cpp.sbs on Monday, February 20, 2017 (09:25:11).-

02, 20, 2017 (09:25:11): 
 Finished loading CGCompatibilityPre73Cpp.sbs on Monday, February 20, 2017 (09:25:11).-

02, 20, 2017 (09:25:11): Opening rpy file C:\Documents and Settings\User\Desktop\MDD6\Opdracht 1\HelloWorld_rpy\CGCompatibilityPre73Cpp.sbs
02, 20, 2017 (09:25:11): 
 Started loading C:\Documents and Settings\User\Desktop\MDD6\Opdracht 1\HelloWorld_rpy\CGCompatibilityPre73Cpp.sbs on Monday, February 20, 2017 (09:25:11).-

02, 20, 2017 (09:25:11): 

Starting inUnit resolution phase


02, 20, 2017 (09:25:11): 

Finished inUnit resolution phase


02, 20, 2017 (09:25:11): 
 Finished loading C:\Documents and Settings\User\Desktop\MDD6\Opdracht 1\HelloWorld_rpy\CGCompatibilityPre73Cpp.sbs on Monday, February 20, 2017 (09:25:11).-

02, 20, 2017 (09:25:11): Opening rpy file HelloApp.cmp
02, 20, 2017 (09:25:11): 
 Started loading HelloApp.cmp on Monday, February 20, 2017 (09:25:11).-

02, 20, 2017 (09:25:11): 
 Finished loading HelloApp.cmp on Monday, February 20, 2017 (09:25:11).-

02, 20, 2017 (09:25:11): Opening rpy file C:\Documents and Settings\User\Desktop\MDD6\Opdracht 1\HelloWorld_rpy\HelloApp.cmp
02, 20, 2017 (09:25:11): 
 Started loading C:\Documents and Settings\User\Desktop\MDD6\Opdracht 1\HelloWorld_rpy\HelloApp.cmp on Monday, February 20, 2017 (09:25:11).-

02, 20, 2017 (09:25:11): 

Starting inUnit resolution phase


02, 20, 2017 (09:25:11): 

Finished inUnit resolution phase


02, 20, 2017 (09:25:11): 
 Finished loading C:\Documents and Settings\User\Desktop\MDD6\Opdracht 1\HelloWorld_rpy\HelloApp.cmp on Monday, February 20, 2017 (09:25:11).-

02, 20, 2017 (09:25:11): 

Starting inUnit resolution phase


02, 20, 2017 (09:25:11): 

Finished inUnit resolution phase


02, 20, 2017 (09:25:11): 

Starting inUnit resolution phase


02, 20, 2017 (09:25:11): 

Finished inUnit resolution phase


02, 20, 2017 (09:25:11): 

Starting inUnit resolution phase


02, 20, 2017 (09:25:11): 

Finished inUnit resolution phase


02, 20, 2017 (09:25:11): 
 Finished loading C:\Documents and Settings\User\Desktop\MDD6\Opdracht 1\HelloWorld.rpy on Monday, February 20, 2017 (09:25:11).-

02, 20, 2017 (09:25:11): Opening rpy file C:/Documents and Settings/User/Desktop/MDD6/Opdracht 1/HelloApp/HelloAppConfig/HelloAppConfig.cg_info
02, 20, 2017 (09:25:11): 
 Started loading C:/Documents and Settings/User/Desktop/MDD6/Opdracht 1/HelloApp/HelloAppConfig/HelloAppConfig.cg_info on Monday, February 20, 2017 (09:25:11).-

02, 20, 2017 (09:25:11): 
 Finished loading C:/Documents and Settings/User/Desktop/MDD6/Opdracht 1/HelloApp/HelloAppConfig/HelloAppConfig.cg_info on Monday, February 20, 2017 (09:25:11).-

02, 20, 2017 (09:25:11): Value Type is not a registered class in IRPYObjectBroker
02, 20, 2017 (09:25:11): Value Type is not a registered class in IRPYObjectBroker
02, 20, 2017 (09:25:11): Value Type is not a registered class in IRPYObjectBroker
02, 20, 2017 (09:25:11): Value Type is not a registered class in IRPYObjectBroker
02, 20, 2017 (09:25:11): Value Type is not a registered class in IRPYObjectBroker
02, 20, 2017 (09:25:11): Value Type is not a registered class in IRPYObjectBroker
02, 20, 2017 (09:25:11): Value Type is not a registered class in IRPYObjectBroker
02, 20, 2017 (09:25:11): Value Type is not a registered class in IRPYObjectBroker
02, 20, 2017 (09:25:11): Value Type is not a registered class in IRPYObjectBroker
02, 20, 2017 (09:25:11): Value Type is not a registered class in IRPYObjectBroker
02, 20, 2017 (09:25:11): Value Type is not a registered class in IRPYObjectBroker
02, 20, 2017 (09:25:11): Value Type is not a registered class in IRPYObjectBroker
02, 20, 2017 (09:25:11): Value Type is not a registered class in IRPYObjectBroker
02, 20, 2017 (09:25:11): Value Type is not a registered class in IRPYObjectBroker
02, 20, 2017 (09:25:11): Value Type is not a registered class in IRPYObjectBroker
02, 20, 2017 (09:25:11): Value Type is not a registered class in IRPYObjectBroker
02, 20, 2017 (09:25:11): Value Type is not a registered class in IRPYObjectBroker
02, 20, 2017 (09:25:11): Value Type is not a registered class in IRPYObjectBroker
02, 20, 2017 (09:25:11): Value Type is not a registered class in IRPYObjectBroker
02, 20, 2017 (09:25:11): Value Type is not a registered class in IRPYObjectBroker
02, 20, 2017 (09:25:11): Value Type is not a registered class in IRPYObjectBroker
02, 20, 2017 (09:25:11): Value Type is not a registered class in IRPYObjectBroker
02, 20, 2017 (09:25:11): Value Type is not a registered class in IRPYObjectBroker
02, 20, 2017 (09:25:11): Value Type is not a registered class in IRPYObjectBroker
02, 20, 2017 (09:25:11): Value Type is not a registered class in IRPYObjectBroker
02, 20, 2017 (09:25:11): Value Type is not a registered class in IRPYObjectBroker
02, 20, 2017 (09:25:11): Value Type is not a registered class in IRPYObjectBroker
02, 20, 2017 (09:25:11): Value Type is not a registered class in IRPYObjectBroker
02, 20, 2017 (09:25:11): Value Type is not a registered class in IRPYObjectBroker
02, 20, 2017 (09:25:11): Value Type is not a registered class in IRPYObjectBroker
02, 20, 2017 (09:25:11): Value Type is not a registered class in IRPYObjectBroker
02, 20, 2017 (09:25:11): Value Type is not a registered class in IRPYObjectBroker
02, 20, 2017 (09:25:11): Value Type is not a registered class in IRPYObjectBroker
02, 20, 2017 (09:25:11): Value Type is not a registered class in IRPYObjectBroker
02, 20, 2017 (09:25:11): Value Type is not a registered class in IRPYObjectBroker
02, 20, 2017 (09:25:11): Value Type is not a registered class in IRPYObjectBroker
02, 20, 2017 (09:25:11): Value Type is not a registered class in IRPYObjectBroker
02, 20, 2017 (09:25:11): Value Type is not a registered class in IRPYObjectBroker
02, 20, 2017 (09:25:11): Value Type is not a registered class in IRPYObjectBroker
02, 20, 2017 (09:25:11): Value Type is not a registered class in IRPYObjectBroker
02, 20, 2017 (09:25:11): Value Type is not a registered class in IRPYObjectBroker
02, 20, 2017 (09:25:11): Value Type is not a registered class in IRPYObjectBroker
02, 20, 2017 (09:25:11): Value Type is not a registered class in IRPYObjectBroker
02, 20, 2017 (09:25:11): Value Type is not a registered class in IRPYObjectBroker
02, 20, 2017 (09:25:11): Value Type is not a registered class in IRPYObjectBroker
02, 20, 2017 (09:25:11): Value Type is not a registered class in IRPYObjectBroker
02, 20, 2017 (09:25:11): Value Type is not a registered class in IRPYObjectBroker
02, 20, 2017 (09:25:11): Value Type is not a registered class in IRPYObjectBroker
02, 20, 2017 (09:25:11): Value Type is not a registered class in IRPYObjectBroker
02, 20, 2017 (09:25:11): Value Type is not a registered class in IRPYObjectBroker
02, 20, 2017 (09:25:11): Value Type is not a registered class in IRPYObjectBroker
02, 20, 2017 (09:25:11): Value Type is not a registered class in IRPYObjectBroker
02, 20, 2017 (09:25:11): Value Type is not a registered class in IRPYObjectBroker
02, 20, 2017 (09:25:11): Value Type is not a registered class in IRPYObjectBroker
02, 20, 2017 (09:25:11): Value Type is not a registered class in IRPYObjectBroker
02, 20, 2017 (09:25:11): Value Type is not a registered class in IRPYObjectBroker
02, 20, 2017 (09:25:11): Value Type is not a registered class in IRPYObjectBroker
02, 20, 2017 (09:25:11): Value Type is not a registered class in IRPYObjectBroker
02, 20, 2017 (09:25:11): Value Type is not a registered class in IRPYObjectBroker
02, 20, 2017 (09:25:11): Value Type is not a registered class in IRPYObjectBroker
02, 20, 2017 (09:25:11): Value Type is not a registered class in IRPYObjectBroker
02, 20, 2017 (09:25:11): Value Type is not a registered class in IRPYObjectBroker
02, 20, 2017 (09:25:11): Value Type is not a registered class in IRPYObjectBroker
02, 20, 2017 (09:25:11): Value Type is not a registered class in IRPYObjectBroker
02, 20, 2017 (09:25:11): Value Type is not a registered class in IRPYObjectBroker
02, 20, 2017 (09:25:11): Value Type is not a registered class in IRPYObjectBroker
02, 20, 2017 (09:25:11): Value Type is not a registered class in IRPYObjectBroker
02, 20, 2017 (09:25:11): Value Type is not a registered class in IRPYObjectBroker
02, 20, 2017 (09:25:11): Value Type is not a registered class in IRPYObjectBroker
02, 20, 2017 (09:25:11): Value Type is not a registered class in IRPYObjectBroker
02, 20, 2017 (09:25:11): Value Type is not a registered class in IRPYObjectBroker
02, 20, 2017 (09:25:11): Value Type is not a registered class in IRPYObjectBroker
02, 20, 2017 (09:25:11): Value Type is not a registered class in IRPYObjectBroker
02, 20, 2017 (09:25:11): Value Type is not a registered class in IRPYObjectBroker
02, 20, 2017 (09:25:11): Value Type is not a registered class in IRPYObjectBroker
02, 20, 2017 (09:25:11): Value Type is not a registered class in IRPYObjectBroker
02, 20, 2017 (09:25:11): Value Type is not a registered class in IRPYObjectBroker
02, 20, 2017 (09:25:11): Value Type is not a registered class in IRPYObjectBroker
02, 20, 2017 (09:25:11): Value Type is not a registered class in IRPYObjectBroker
02, 20, 2017 (09:25:11): Value Type is not a registered class in IRPYObjectBroker
02, 20, 2017 (09:25:11): Value Type is not a registered class in IRPYObjectBroker
02, 20, 2017 (09:25:11): Value Type is not a registered class in IRPYObjectBroker
02, 20, 2017 (09:25:11): Value Type is not a registered class in IRPYObjectBroker
02, 20, 2017 (09:25:11): Value Type is not a registered class in IRPYObjectBroker
02, 20, 2017 (09:25:11): Value Type is not a registered class in IRPYObjectBroker
02, 20, 2017 (09:25:11): Value Type is not a registered class in IRPYObjectBroker
02, 20, 2017 (09:25:11): Value Type is not a registered class in IRPYObjectBroker
02, 20, 2017 (09:25:11): Value Type is not a registered class in IRPYObjectBroker
02, 20, 2017 (09:25:11): Value Type is not a registered class in IRPYObjectBroker
02, 20, 2017 (09:25:11): Value Type is not a registered class in IRPYObjectBroker
02, 20, 2017 (09:25:11): Starting checks of EventsBaseID conflicts
02, 20, 2017 (09:25:11): Finished checks of EventsBaseID conflicts
02, 20, 2017 (09:25:11): End Log
