02, 14, 2017 (11:30:42): Starting Pre-Save actions

02, 14, 2017 (11:30:42): Starting Dialogs Check/Save
02, 14, 2017 (11:30:42): Finished Dialogs Check/Save
02, 14, 2017 (11:30:42): Starting Controlled Files Resolution
02, 14, 2017 (11:30:42): Finished Controlled Files Resolution
02, 14, 2017 (11:30:42): Starting Save VBA
02, 14, 2017 (11:30:42): Finished Save VBA
02, 14, 2017 (11:30:42): Finished Pre-Save actions

02, 14, 2017 (11:30:42): Creating C:\Documents and Settings\User\Desktop\MDD6\Opdracht 1\HelloWorld.rpy
02, 14, 2017 (11:30:42): 
Started writing C:\Documents and Settings\User\Desktop\MDD6\Opdracht 1\HelloWorld.rpy on Tuesday, February 14, 2017 (11:30:42)

02, 14, 2017 (11:30:42): 
Started writing C:\Documents and Settings\User\Desktop\MDD6\Opdracht 1\HelloWorld_rpy\filesTable.dat on Tuesday, February 14, 2017 (11:30:42)

02, 14, 2017 (11:30:42): Finished writing C:\Documents and Settings\User\Desktop\MDD6\Opdracht 1\HelloWorld_rpy\filesTable.dat on Tuesday, February 14, 2017 (11:30:42)

02, 14, 2017 (11:30:42): Creating C:\Documents and Settings\User\Desktop\MDD6\Opdracht 1\HelloWorld_rpy\Analyse.sbs
02, 14, 2017 (11:30:42): 
Started writing C:\Documents and Settings\User\Desktop\MDD6\Opdracht 1\HelloWorld_rpy\Analyse.sbs on Tuesday, February 14, 2017 (11:30:42)

02, 14, 2017 (11:30:42): Finished writing C:\Documents and Settings\User\Desktop\MDD6\Opdracht 1\HelloWorld_rpy\Analyse.sbs on Tuesday, February 14, 2017 (11:30:42)

02, 14, 2017 (11:30:42): Creating C:\Documents and Settings\User\Desktop\MDD6\Opdracht 1\HelloWorld_rpy\Design.sbs
02, 14, 2017 (11:30:42): 
Started writing C:\Documents and Settings\User\Desktop\MDD6\Opdracht 1\HelloWorld_rpy\Design.sbs on Tuesday, February 14, 2017 (11:30:42)

02, 14, 2017 (11:30:42): Finished writing C:\Documents and Settings\User\Desktop\MDD6\Opdracht 1\HelloWorld_rpy\Design.sbs on Tuesday, February 14, 2017 (11:30:42)

02, 14, 2017 (11:30:42): Creating C:\Documents and Settings\User\Desktop\MDD6\Opdracht 1\HelloWorld_rpy\Test.sbs
02, 14, 2017 (11:30:42): 
Started writing C:\Documents and Settings\User\Desktop\MDD6\Opdracht 1\HelloWorld_rpy\Test.sbs on Tuesday, February 14, 2017 (11:30:42)

02, 14, 2017 (11:30:42): Finished writing C:\Documents and Settings\User\Desktop\MDD6\Opdracht 1\HelloWorld_rpy\Test.sbs on Tuesday, February 14, 2017 (11:30:42)

02, 14, 2017 (11:30:42): Creating C:\Documents and Settings\User\Desktop\MDD6\Opdracht 1\HelloWorld_rpy\CGCompatibilityPre73Cpp.sbs
02, 14, 2017 (11:30:42): 
Started writing C:\Documents and Settings\User\Desktop\MDD6\Opdracht 1\HelloWorld_rpy\CGCompatibilityPre73Cpp.sbs on Tuesday, February 14, 2017 (11:30:42)

02, 14, 2017 (11:30:42): Finished writing C:\Documents and Settings\User\Desktop\MDD6\Opdracht 1\HelloWorld_rpy\CGCompatibilityPre73Cpp.sbs on Tuesday, February 14, 2017 (11:30:42)

02, 14, 2017 (11:30:42): Creating C:\Documents and Settings\User\Desktop\MDD6\Opdracht 1\HelloWorld_rpy\HelloApp.cmp
02, 14, 2017 (11:30:42): 
Started writing C:\Documents and Settings\User\Desktop\MDD6\Opdracht 1\HelloWorld_rpy\HelloApp.cmp on Tuesday, February 14, 2017 (11:30:42)

02, 14, 2017 (11:30:42): Finished writing C:\Documents and Settings\User\Desktop\MDD6\Opdracht 1\HelloWorld_rpy\HelloApp.cmp on Tuesday, February 14, 2017 (11:30:42)

02, 14, 2017 (11:30:42): Finished writing C:\Documents and Settings\User\Desktop\MDD6\Opdracht 1\HelloWorld.rpy on Tuesday, February 14, 2017 (11:30:42)

02, 14, 2017 (11:30:42): End Log
